CRITICAL - 2023-09-20 06:47:05 --> There is no data to update.
in SYSTEMPATH\BaseModel.php on line 1724.
 1 SYSTEMPATH\BaseModel.php(1724): CodeIgniter\Database\Exceptions\DataException::forEmptyDataset('update')
 2 SYSTEMPATH\BaseModel.php(916): CodeIgniter\BaseModel->transformDataToArray(null, 'update')
 3 SYSTEMPATH\Model.php(776): CodeIgniter\BaseModel->update([...], null)
 4 APPPATH\Controllers\ProductController.php(36): CodeIgniter\Model->update([...])
 5 SYSTEMPATH\CodeIgniter.php(919): App\Controllers\ProductController->save()
 6 SYSTEMPATH\CodeIgniter.php(494): CodeIgniter\CodeIgniter->runController(Object(App\Controllers\ProductController))
 7 SYSTEMPATH\CodeIgniter.php(353): CodeIgniter\CodeIgniter->handleRequest(null, Object(Config\Cache), false)
 8 FCPATH\index.php(79): CodeIgniter\CodeIgniter->run()
 9 SYSTEMPATH\Commands\Server\rewrite.php(47): require_once('C:\\laragon\\www\\appdev\\public\\index.php')
CRITICAL - 2023-09-20 06:47:16 --> There is no data to update.
in SYSTEMPATH\BaseModel.php on line 1724.
 1 SYSTEMPATH\BaseModel.php(1724): CodeIgniter\Database\Exceptions\DataException::forEmptyDataset('update')
 2 SYSTEMPATH\BaseModel.php(916): CodeIgniter\BaseModel->transformDataToArray(null, 'update')
 3 SYSTEMPATH\Model.php(776): CodeIgniter\BaseModel->update([...], null)
 4 APPPATH\Controllers\ProductController.php(36): CodeIgniter\Model->update([...])
 5 SYSTEMPATH\CodeIgniter.php(919): App\Controllers\ProductController->save()
 6 SYSTEMPATH\CodeIgniter.php(494): CodeIgniter\CodeIgniter->runController(Object(App\Controllers\ProductController))
 7 SYSTEMPATH\CodeIgniter.php(353): CodeIgniter\CodeIgniter->handleRequest(null, Object(Config\Cache), false)
 8 FCPATH\index.php(79): CodeIgniter\CodeIgniter->run()
 9 SYSTEMPATH\Commands\Server\rewrite.php(47): require_once('C:\\laragon\\www\\appdev\\public\\index.php')
CRITICAL - 2023-09-20 06:50:25 --> There is no data to update.
in SYSTEMPATH\BaseModel.php on line 1724.
 1 SYSTEMPATH\BaseModel.php(1724): CodeIgniter\Database\Exceptions\DataException::forEmptyDataset('update')
 2 SYSTEMPATH\BaseModel.php(916): CodeIgniter\BaseModel->transformDataToArray(null, 'update')
 3 SYSTEMPATH\Model.php(776): CodeIgniter\BaseModel->update([...], null)
 4 APPPATH\Controllers\ProductController.php(36): CodeIgniter\Model->update([...])
 5 SYSTEMPATH\CodeIgniter.php(919): App\Controllers\ProductController->save()
 6 SYSTEMPATH\CodeIgniter.php(494): CodeIgniter\CodeIgniter->runController(Object(App\Controllers\ProductController))
 7 SYSTEMPATH\CodeIgniter.php(353): CodeIgniter\CodeIgniter->handleRequest(null, Object(Config\Cache), false)
 8 FCPATH\index.php(79): CodeIgniter\CodeIgniter->run()
 9 SYSTEMPATH\Commands\Server\rewrite.php(47): require_once('C:\\laragon\\www\\appdev\\public\\index.php')
CRITICAL - 2023-09-20 06:50:32 --> Undefined variable $pro
in APPPATH\Views\product.php on line 11.
 1 APPPATH\Views\product.php(11): CodeIgniter\Debug\Exceptions->errorHandler(2, 'Undefined variable $pro', 'C:\\laragon\\www\\appdev\\app\\Views\\product.php', 11)
 2 SYSTEMPATH\View\View.php(226): include('C:\\laragon\\www\\appdev\\app\\Views\\product.php')
 3 SYSTEMPATH\View\View.php(229): CodeIgniter\View\View->CodeIgniter\View\{closure}()
 4 SYSTEMPATH\Common.php(1188): CodeIgniter\View\View->render('product', [], true)
 5 APPPATH\Controllers\ProductController.php(49): view('product', [...])
 6 SYSTEMPATH\CodeIgniter.php(919): App\Controllers\ProductController->tryy()
 7 SYSTEMPATH\CodeIgniter.php(494): CodeIgniter\CodeIgniter->runController(Object(App\Controllers\ProductController))
 8 SYSTEMPATH\CodeIgniter.php(353): CodeIgniter\CodeIgniter->handleRequest(null, Object(Config\Cache), false)
 9 FCPATH\index.php(79): CodeIgniter\CodeIgniter->run()
10 SYSTEMPATH\Commands\Server\rewrite.php(47): require_once('C:\\laragon\\www\\appdev\\public\\index.php')
CRITICAL - 2023-09-20 06:50:35 --> Undefined variable $pro
in APPPATH\Views\product.php on line 11.
 1 APPPATH\Views\product.php(11): CodeIgniter\Debug\Exceptions->errorHandler(2, 'Undefined variable $pro', 'C:\\laragon\\www\\appdev\\app\\Views\\product.php', 11)
 2 SYSTEMPATH\View\View.php(226): include('C:\\laragon\\www\\appdev\\app\\Views\\product.php')
 3 SYSTEMPATH\View\View.php(229): CodeIgniter\View\View->CodeIgniter\View\{closure}()
 4 SYSTEMPATH\Common.php(1188): CodeIgniter\View\View->render('product', [], true)
 5 APPPATH\Controllers\ProductController.php(49): view('product', [...])
 6 SYSTEMPATH\CodeIgniter.php(919): App\Controllers\ProductController->tryy()
 7 SYSTEMPATH\CodeIgniter.php(494): CodeIgniter\CodeIgniter->runController(Object(App\Controllers\ProductController))
 8 SYSTEMPATH\CodeIgniter.php(353): CodeIgniter\CodeIgniter->handleRequest(null, Object(Config\Cache), false)
 9 FCPATH\index.php(79): CodeIgniter\CodeIgniter->run()
10 SYSTEMPATH\Commands\Server\rewrite.php(47): require_once('C:\\laragon\\www\\appdev\\public\\index.php')
CRITICAL - 2023-09-20 06:53:40 --> Undefined variable $pro
in APPPATH\Views\product.php on line 11.
 1 APPPATH\Views\product.php(11): CodeIgniter\Debug\Exceptions->errorHandler(2, 'Undefined variable $pro', 'C:\\laragon\\www\\appdev\\app\\Views\\product.php', 11)
 2 SYSTEMPATH\View\View.php(226): include('C:\\laragon\\www\\appdev\\app\\Views\\product.php')
 3 SYSTEMPATH\View\View.php(229): CodeIgniter\View\View->CodeIgniter\View\{closure}()
 4 SYSTEMPATH\Common.php(1188): CodeIgniter\View\View->render('product', [], true)
 5 APPPATH\Controllers\ProductController.php(49): view('product', [...])
 6 SYSTEMPATH\CodeIgniter.php(919): App\Controllers\ProductController->tryy()
 7 SYSTEMPATH\CodeIgniter.php(494): CodeIgniter\CodeIgniter->runController(Object(App\Controllers\ProductController))
 8 SYSTEMPATH\CodeIgniter.php(353): CodeIgniter\CodeIgniter->handleRequest(null, Object(Config\Cache), false)
 9 FCPATH\index.php(79): CodeIgniter\CodeIgniter->run()
10 SYSTEMPATH\Commands\Server\rewrite.php(47): require_once('C:\\laragon\\www\\appdev\\public\\index.php')
CRITICAL - 2023-09-20 07:00:23 --> Undefined variable $data
in APPPATH\Controllers\ProductController.php on line 49.
 1 APPPATH\Controllers\ProductController.php(49): CodeIgniter\Debug\Exceptions->errorHandler(2, 'Undefined variable $data', 'C:\\laragon\\www\\appdev\\app\\Controllers\\ProductController.php', 49)
 2 SYSTEMPATH\CodeIgniter.php(919): App\Controllers\ProductController->tryy()
 3 SYSTEMPATH\CodeIgniter.php(494): CodeIgniter\CodeIgniter->runController(Object(App\Controllers\ProductController))
 4 SYSTEMPATH\CodeIgniter.php(353): CodeIgniter\CodeIgniter->handleRequest(null, Object(Config\Cache), false)
 5 FCPATH\index.php(79): CodeIgniter\CodeIgniter->run()
 6 SYSTEMPATH\Commands\Server\rewrite.php(47): require_once('C:\\laragon\\www\\appdev\\public\\index.php')
CRITICAL - 2023-09-20 07:01:34 --> Undefined variable $pro
in APPPATH\Views\product.php on line 11.
 1 APPPATH\Views\product.php(11): CodeIgniter\Debug\Exceptions->errorHandler(2, 'Undefined variable $pro', 'C:\\laragon\\www\\appdev\\app\\Views\\product.php', 11)
 2 SYSTEMPATH\View\View.php(226): include('C:\\laragon\\www\\appdev\\app\\Views\\product.php')
 3 SYSTEMPATH\View\View.php(229): CodeIgniter\View\View->CodeIgniter\View\{closure}()
 4 SYSTEMPATH\Common.php(1188): CodeIgniter\View\View->render('product', [], true)
 5 APPPATH\Controllers\ProductController.php(49): view('product', [...])
 6 SYSTEMPATH\CodeIgniter.php(919): App\Controllers\ProductController->tryy()
 7 SYSTEMPATH\CodeIgniter.php(494): CodeIgniter\CodeIgniter->runController(Object(App\Controllers\ProductController))
 8 SYSTEMPATH\CodeIgniter.php(353): CodeIgniter\CodeIgniter->handleRequest(null, Object(Config\Cache), false)
 9 FCPATH\index.php(79): CodeIgniter\CodeIgniter->run()
10 SYSTEMPATH\Commands\Server\rewrite.php(47): require_once('C:\\laragon\\www\\appdev\\public\\index.php')
CRITICAL - 2023-09-20 07:01:47 --> Undefined variable $pro
in APPPATH\Views\product.php on line 11.
 1 APPPATH\Views\product.php(11): CodeIgniter\Debug\Exceptions->errorHandler(2, 'Undefined variable $pro', 'C:\\laragon\\www\\appdev\\app\\Views\\product.php', 11)
 2 SYSTEMPATH\View\View.php(226): include('C:\\laragon\\www\\appdev\\app\\Views\\product.php')
 3 SYSTEMPATH\View\View.php(229): CodeIgniter\View\View->CodeIgniter\View\{closure}()
 4 SYSTEMPATH\Common.php(1188): CodeIgniter\View\View->render('product', [], true)
 5 APPPATH\Controllers\ProductController.php(49): view('product', [...])
 6 SYSTEMPATH\CodeIgniter.php(919): App\Controllers\ProductController->tryy()
 7 SYSTEMPATH\CodeIgniter.php(494): CodeIgniter\CodeIgniter->runController(Object(App\Controllers\ProductController))
 8 SYSTEMPATH\CodeIgniter.php(353): CodeIgniter\CodeIgniter->handleRequest(null, Object(Config\Cache), false)
 9 FCPATH\index.php(79): CodeIgniter\CodeIgniter->run()
10 SYSTEMPATH\Commands\Server\rewrite.php(47): require_once('C:\\laragon\\www\\appdev\\public\\index.php')
CRITICAL - 2023-09-20 07:04:22 --> Undefined variable $pro
in APPPATH\Views\product.php on line 11.
 1 APPPATH\Views\product.php(11): CodeIgniter\Debug\Exceptions->errorHandler(2, 'Undefined variable $pro', 'C:\\laragon\\www\\appdev\\app\\Views\\product.php', 11)
 2 SYSTEMPATH\View\View.php(226): include('C:\\laragon\\www\\appdev\\app\\Views\\product.php')
 3 SYSTEMPATH\View\View.php(229): CodeIgniter\View\View->CodeIgniter\View\{closure}()
 4 SYSTEMPATH\Common.php(1188): CodeIgniter\View\View->render('product', [], true)
 5 APPPATH\Controllers\ProductController.php(49): view('product', [...])
 6 SYSTEMPATH\CodeIgniter.php(919): App\Controllers\ProductController->tryy()
 7 SYSTEMPATH\CodeIgniter.php(494): CodeIgniter\CodeIgniter->runController(Object(App\Controllers\ProductController))
 8 SYSTEMPATH\CodeIgniter.php(353): CodeIgniter\CodeIgniter->handleRequest(null, Object(Config\Cache), false)
 9 FCPATH\index.php(79): CodeIgniter\CodeIgniter->run()
10 SYSTEMPATH\Commands\Server\rewrite.php(47): require_once('C:\\laragon\\www\\appdev\\public\\index.php')
CRITICAL - 2023-09-20 07:04:22 --> Undefined variable $pro
in APPPATH\Views\product.php on line 11.
 1 APPPATH\Views\product.php(11): CodeIgniter\Debug\Exceptions->errorHandler(2, 'Undefined variable $pro', 'C:\\laragon\\www\\appdev\\app\\Views\\product.php', 11)
 2 SYSTEMPATH\View\View.php(226): include('C:\\laragon\\www\\appdev\\app\\Views\\product.php')
 3 SYSTEMPATH\View\View.php(229): CodeIgniter\View\View->CodeIgniter\View\{closure}()
 4 SYSTEMPATH\Common.php(1188): CodeIgniter\View\View->render('product', [], true)
 5 APPPATH\Controllers\ProductController.php(49): view('product', [...])
 6 SYSTEMPATH\CodeIgniter.php(919): App\Controllers\ProductController->tryy()
 7 SYSTEMPATH\CodeIgniter.php(494): CodeIgniter\CodeIgniter->runController(Object(App\Controllers\ProductController))
 8 SYSTEMPATH\CodeIgniter.php(353): CodeIgniter\CodeIgniter->handleRequest(null, Object(Config\Cache), false)
 9 FCPATH\index.php(79): CodeIgniter\CodeIgniter->run()
10 SYSTEMPATH\Commands\Server\rewrite.php(47): require_once('C:\\laragon\\www\\appdev\\public\\index.php')
CRITICAL - 2023-09-20 07:04:22 --> Undefined variable $pro
in APPPATH\Views\product.php on line 11.
 1 APPPATH\Views\product.php(11): CodeIgniter\Debug\Exceptions->errorHandler(2, 'Undefined variable $pro', 'C:\\laragon\\www\\appdev\\app\\Views\\product.php', 11)
 2 SYSTEMPATH\View\View.php(226): include('C:\\laragon\\www\\appdev\\app\\Views\\product.php')
 3 SYSTEMPATH\View\View.php(229): CodeIgniter\View\View->CodeIgniter\View\{closure}()
 4 SYSTEMPATH\Common.php(1188): CodeIgniter\View\View->render('product', [], true)
 5 APPPATH\Controllers\ProductController.php(49): view('product', [...])
 6 SYSTEMPATH\CodeIgniter.php(919): App\Controllers\ProductController->tryy()
 7 SYSTEMPATH\CodeIgniter.php(494): CodeIgniter\CodeIgniter->runController(Object(App\Controllers\ProductController))
 8 SYSTEMPATH\CodeIgniter.php(353): CodeIgniter\CodeIgniter->handleRequest(null, Object(Config\Cache), false)
 9 FCPATH\index.php(79): CodeIgniter\CodeIgniter->run()
10 SYSTEMPATH\Commands\Server\rewrite.php(47): require_once('C:\\laragon\\www\\appdev\\public\\index.php')
CRITICAL - 2023-09-20 07:13:29 --> Undefined variable $pro
in APPPATH\Views\product.php on line 11.
 1 APPPATH\Views\product.php(11): CodeIgniter\Debug\Exceptions->errorHandler(2, 'Undefined variable $pro', 'C:\\laragon\\www\\appdev\\app\\Views\\product.php', 11)
 2 SYSTEMPATH\View\View.php(226): include('C:\\laragon\\www\\appdev\\app\\Views\\product.php')
 3 SYSTEMPATH\View\View.php(229): CodeIgniter\View\View->CodeIgniter\View\{closure}()
 4 SYSTEMPATH\Common.php(1188): CodeIgniter\View\View->render('product', [], true)
 5 APPPATH\Controllers\ProductController.php(49): view('product', [...])
 6 SYSTEMPATH\CodeIgniter.php(919): App\Controllers\ProductController->tryy()
 7 SYSTEMPATH\CodeIgniter.php(494): CodeIgniter\CodeIgniter->runController(Object(App\Controllers\ProductController))
 8 SYSTEMPATH\CodeIgniter.php(353): CodeIgniter\CodeIgniter->handleRequest(null, Object(Config\Cache), false)
 9 FCPATH\index.php(79): CodeIgniter\CodeIgniter->run()
10 SYSTEMPATH\Commands\Server\rewrite.php(47): require_once('C:\\laragon\\www\\appdev\\public\\index.php')
CRITICAL - 2023-09-20 07:13:30 --> Undefined variable $pro
in APPPATH\Views\product.php on line 11.
 1 APPPATH\Views\product.php(11): CodeIgniter\Debug\Exceptions->errorHandler(2, 'Undefined variable $pro', 'C:\\laragon\\www\\appdev\\app\\Views\\product.php', 11)
 2 SYSTEMPATH\View\View.php(226): include('C:\\laragon\\www\\appdev\\app\\Views\\product.php')
 3 SYSTEMPATH\View\View.php(229): CodeIgniter\View\View->CodeIgniter\View\{closure}()
 4 SYSTEMPATH\Common.php(1188): CodeIgniter\View\View->render('product', [], true)
 5 APPPATH\Controllers\ProductController.php(49): view('product', [...])
 6 SYSTEMPATH\CodeIgniter.php(919): App\Controllers\ProductController->tryy()
 7 SYSTEMPATH\CodeIgniter.php(494): CodeIgniter\CodeIgniter->runController(Object(App\Controllers\ProductController))
 8 SYSTEMPATH\CodeIgniter.php(353): CodeIgniter\CodeIgniter->handleRequest(null, Object(Config\Cache), false)
 9 FCPATH\index.php(79): CodeIgniter\CodeIgniter->run()
10 SYSTEMPATH\Commands\Server\rewrite.php(47): require_once('C:\\laragon\\www\\appdev\\public\\index.php')
CRITICAL - 2023-09-20 07:13:30 --> Undefined variable $pro
in APPPATH\Views\product.php on line 11.
 1 APPPATH\Views\product.php(11): CodeIgniter\Debug\Exceptions->errorHandler(2, 'Undefined variable $pro', 'C:\\laragon\\www\\appdev\\app\\Views\\product.php', 11)
 2 SYSTEMPATH\View\View.php(226): include('C:\\laragon\\www\\appdev\\app\\Views\\product.php')
 3 SYSTEMPATH\View\View.php(229): CodeIgniter\View\View->CodeIgniter\View\{closure}()
 4 SYSTEMPATH\Common.php(1188): CodeIgniter\View\View->render('product', [], true)
 5 APPPATH\Controllers\ProductController.php(49): view('product', [...])
 6 SYSTEMPATH\CodeIgniter.php(919): App\Controllers\ProductController->tryy()
 7 SYSTEMPATH\CodeIgniter.php(494): CodeIgniter\CodeIgniter->runController(Object(App\Controllers\ProductController))
 8 SYSTEMPATH\CodeIgniter.php(353): CodeIgniter\CodeIgniter->handleRequest(null, Object(Config\Cache), false)
 9 FCPATH\index.php(79): CodeIgniter\CodeIgniter->run()
10 SYSTEMPATH\Commands\Server\rewrite.php(47): require_once('C:\\laragon\\www\\appdev\\public\\index.php')
CRITICAL - 2023-09-20 07:13:30 --> Undefined variable $pro
in APPPATH\Views\product.php on line 11.
 1 APPPATH\Views\product.php(11): CodeIgniter\Debug\Exceptions->errorHandler(2, 'Undefined variable $pro', 'C:\\laragon\\www\\appdev\\app\\Views\\product.php', 11)
 2 SYSTEMPATH\View\View.php(226): include('C:\\laragon\\www\\appdev\\app\\Views\\product.php')
 3 SYSTEMPATH\View\View.php(229): CodeIgniter\View\View->CodeIgniter\View\{closure}()
 4 SYSTEMPATH\Common.php(1188): CodeIgniter\View\View->render('product', [], true)
 5 APPPATH\Controllers\ProductController.php(49): view('product', [...])
 6 SYSTEMPATH\CodeIgniter.php(919): App\Controllers\ProductController->tryy()
 7 SYSTEMPATH\CodeIgniter.php(494): CodeIgniter\CodeIgniter->runController(Object(App\Controllers\ProductController))
 8 SYSTEMPATH\CodeIgniter.php(353): CodeIgniter\CodeIgniter->handleRequest(null, Object(Config\Cache), false)
 9 FCPATH\index.php(79): CodeIgniter\CodeIgniter->run()
10 SYSTEMPATH\Commands\Server\rewrite.php(47): require_once('C:\\laragon\\www\\appdev\\public\\index.php')
CRITICAL - 2023-09-20 07:15:24 --> Undefined variable $pro
in APPPATH\Views\product.php on line 11.
 1 APPPATH\Views\product.php(11): CodeIgniter\Debug\Exceptions->errorHandler(2, 'Undefined variable $pro', 'C:\\laragon\\www\\appdev\\app\\Views\\product.php', 11)
 2 SYSTEMPATH\View\View.php(226): include('C:\\laragon\\www\\appdev\\app\\Views\\product.php')
 3 SYSTEMPATH\View\View.php(229): CodeIgniter\View\View->CodeIgniter\View\{closure}()
 4 SYSTEMPATH\Common.php(1188): CodeIgniter\View\View->render('product', [], true)
 5 APPPATH\Controllers\ProductController.php(49): view('product', [...])
 6 SYSTEMPATH\CodeIgniter.php(919): App\Controllers\ProductController->tryy()
 7 SYSTEMPATH\CodeIgniter.php(494): CodeIgniter\CodeIgniter->runController(Object(App\Controllers\ProductController))
 8 SYSTEMPATH\CodeIgniter.php(353): CodeIgniter\CodeIgniter->handleRequest(null, Object(Config\Cache), false)
 9 FCPATH\index.php(79): CodeIgniter\CodeIgniter->run()
10 SYSTEMPATH\Commands\Server\rewrite.php(47): require_once('C:\\laragon\\www\\appdev\\public\\index.php')
